[debug] [2024-05-24T12:59:33.166Z] ----------------------------------------------------------------------
[debug] [2024-05-24T12:59:33.170Z] Command:       D:\ProgFiles\node.exe C:\Users\shres\AppData\Roaming\npm\node_modules\firebase-tools\lib\bin\firebase.js init
[debug] [2024-05-24T12:59:33.171Z] CLI Version:   13.8.3
[debug] [2024-05-24T12:59:33.172Z] Platform:      win32
[debug] [2024-05-24T12:59:33.172Z] Node Version:  v20.12.0
[debug] [2024-05-24T12:59:33.172Z] Time:          Fri May 24 2024 18:44:33 GMT+0545 (Nepal Time)
[debug] [2024-05-24T12:59:33.173Z] ----------------------------------------------------------------------
[debug] 
[debug] [2024-05-24T12:59:33.196Z] >>> [apiv2][query] GET https://firebase-public.firebaseio.com/cli.json [none]
[debug] [2024-05-24T12:59:33.260Z] > command requires scopes: ["email","openid","https://www.googleapis.com/auth/cloudplatformprojects.readonly","https://www.googleapis.com/auth/firebase","https://www.googleapis.com/auth/cloud-platform"]
[debug] [2024-05-24T12:59:33.260Z] > authorizing via signed-in user (alien.shooter.np@gmail.com)
[info] 
     ######## #### ########  ######## ########     ###     ######  ########
     ##        ##  ##     ## ##       ##     ##  ##   ##  ##       ##
     ######    ##  ########  ######   ########  #########  ######  ######
     ##        ##  ##    ##  ##       ##     ## ##     ##       ## ##
     ##       #### ##     ## ######## ########  ##     ##  ######  ########

You're about to initialize a Firebase project in this directory:

  D:\programs\html\Ecommerce\ecom

[debug] [2024-05-24T12:59:34.081Z] <<< [apiv2][status] GET https://firebase-public.firebaseio.com/cli.json 200
[debug] [2024-05-24T12:59:34.082Z] <<< [apiv2][body] GET https://firebase-public.firebaseio.com/cli.json {"cloudBuildErrorAfter":1594252800000,"cloudBuildWarnAfter":1590019200000,"defaultNode10After":1594252800000,"minVersion":"3.0.5","node8DeploysDisabledAfter":1613390400000,"node8RuntimeDisabledAfter":1615809600000,"node8WarnAfter":1600128000000}
